<?xml version="1.0" encoding="UTF-8"?>
<!-- Generated by org.testng.reporters.JUnitReportReporter -->
<testsuite hostname="DESKTOP-2LAHIO2" failures="0" tests="1" name="testcases.TestCase" time="30.307" errors="0" timestamp="2023-01-15T20:37:24 GMT-05:00" skipped="0">
  <testcase classname="testcases.TestCase" name="testCase" time="30.307"/>
  <system-out/>
</testsuite> <!-- testcases.TestCase -->
